C:\Program Files\Microsoft Visual Studio\2022\Community\MSBuild\Microsoft\VC\v170\Microsoft.CppBuild.targets(531,5): warning MSB8028: The intermediate directory (Debug\) contains files shared from another project (ogl_begin.vcxproj).  This can lead to incorrect clean and rebuild behavior.
  FileName.c
C:\Users\katle\OneDrive\Desktop\C Programs\CS_sem2\Калахи\New Kalah\Kalah_rabotaet_final\ogl_begin\FileName.c(372,9): warning C4101: 'j': unreferenced local variable
C:\Users\katle\OneDrive\Desktop\C Programs\CS_sem2\Калахи\New Kalah\Kalah_rabotaet_final\ogl_begin\FileName.c(452,14): warning C4553: '==': result of expression not used; did you intend '='?
C:\Users\katle\OneDrive\Desktop\C Programs\CS_sem2\Калахи\New Kalah\Kalah_rabotaet_final\ogl_begin\FileName.c(457,14): warning C4553: '==': result of expression not used; did you intend '='?
C:\Users\katle\OneDrive\Desktop\C Programs\CS_sem2\Калахи\New Kalah\Kalah_rabotaet_final\ogl_begin\FileName.c(465,8): warning C4047: '=': 'char' differs in levels of indirection from 'char [54]'
C:\Users\katle\OneDrive\Desktop\C Programs\CS_sem2\Калахи\New Kalah\Kalah_rabotaet_final\ogl_begin\FileName.c(469,8): warning C4047: '=': 'char' differs in levels of indirection from 'char [56]'
C:\Users\katle\OneDrive\Desktop\C Programs\CS_sem2\Калахи\New Kalah\Kalah_rabotaet_final\ogl_begin\FileName.c(473,8): warning C4047: '=': 'char' differs in levels of indirection from 'char [64]'
C:\Users\katle\OneDrive\Desktop\C Programs\CS_sem2\Калахи\New Kalah\Kalah_rabotaet_final\ogl_begin\FileName.c(477,8): warning C4047: '=': 'char' differs in levels of indirection from 'char [56]'
C:\Users\katle\OneDrive\Desktop\C Programs\CS_sem2\Калахи\New Kalah\Kalah_rabotaet_final\ogl_begin\FileName.c(481,8): warning C4047: '=': 'char' differs in levels of indirection from 'char [59]'
C:\Users\katle\OneDrive\Desktop\C Programs\CS_sem2\Калахи\New Kalah\Kalah_rabotaet_final\ogl_begin\FileName.c(519,15): warning C4305: 'function': truncation from 'double' to 'GLfloat'
C:\Users\katle\OneDrive\Desktop\C Programs\CS_sem2\Калахи\New Kalah\Kalah_rabotaet_final\ogl_begin\FileName.c(1103,18): warning C4305: 'function': truncation from 'double' to 'GLfloat'
C:\Users\katle\OneDrive\Desktop\C Programs\CS_sem2\Калахи\New Kalah\Kalah_rabotaet_final\ogl_begin\FileName.c(1103,26): warning C4305: 'function': truncation from 'double' to 'GLfloat'
C:\Users\katle\OneDrive\Desktop\C Programs\CS_sem2\Калахи\New Kalah\Kalah_rabotaet_final\ogl_begin\FileName.c(1106,36): warning C4305: 'function': truncation from 'double' to 'float'
C:\Users\katle\OneDrive\Desktop\C Programs\CS_sem2\Калахи\New Kalah\Kalah_rabotaet_final\ogl_begin\FileName.c(1106,42): warning C4305: 'function': truncation from 'double' to 'float'
C:\Users\katle\OneDrive\Desktop\C Programs\CS_sem2\Калахи\New Kalah\Kalah_rabotaet_final\ogl_begin\FileName.c(1106,48): warning C4305: 'function': truncation from 'double' to 'float'
C:\Users\katle\OneDrive\Desktop\C Programs\CS_sem2\Калахи\New Kalah\Kalah_rabotaet_final\ogl_begin\FileName.c(1107,34): warning C4305: 'function': truncation from 'double' to 'float'
C:\Users\katle\OneDrive\Desktop\C Programs\CS_sem2\Калахи\New Kalah\Kalah_rabotaet_final\ogl_begin\FileName.c(1107,40): warning C4305: 'function': truncation from 'double' to 'float'
C:\Users\katle\OneDrive\Desktop\C Programs\CS_sem2\Калахи\New Kalah\Kalah_rabotaet_final\ogl_begin\FileName.c(1107,46): warning C4305: 'function': truncation from 'double' to 'float'
C:\Users\katle\OneDrive\Desktop\C Programs\CS_sem2\Калахи\New Kalah\Kalah_rabotaet_final\ogl_begin\FileName.c(1108,34): warning C4305: 'function': truncation from 'double' to 'float'
C:\Users\katle\OneDrive\Desktop\C Programs\CS_sem2\Калахи\New Kalah\Kalah_rabotaet_final\ogl_begin\FileName.c(1108,40): warning C4305: 'function': truncation from 'double' to 'float'
C:\Users\katle\OneDrive\Desktop\C Programs\CS_sem2\Калахи\New Kalah\Kalah_rabotaet_final\ogl_begin\FileName.c(1108,46): warning C4305: 'function': truncation from 'double' to 'float'
C:\Users\katle\OneDrive\Desktop\C Programs\CS_sem2\Калахи\New Kalah\Kalah_rabotaet_final\ogl_begin\FileName.c(1109,33): warning C4305: 'function': truncation from 'double' to 'float'
C:\Users\katle\OneDrive\Desktop\C Programs\CS_sem2\Калахи\New Kalah\Kalah_rabotaet_final\ogl_begin\FileName.c(1109,39): warning C4305: 'function': truncation from 'double' to 'float'
C:\Users\katle\OneDrive\Desktop\C Programs\CS_sem2\Калахи\New Kalah\Kalah_rabotaet_final\ogl_begin\FileName.c(1109,45): warning C4305: 'function': truncation from 'double' to 'float'
C:\Users\katle\OneDrive\Desktop\C Programs\CS_sem2\Калахи\New Kalah\Kalah_rabotaet_final\ogl_begin\FileName.c(1110,32): warning C4305: 'function': truncation from 'double' to 'float'
C:\Users\katle\OneDrive\Desktop\C Programs\CS_sem2\Калахи\New Kalah\Kalah_rabotaet_final\ogl_begin\FileName.c(1110,38): warning C4305: 'function': truncation from 'double' to 'float'
C:\Users\katle\OneDrive\Desktop\C Programs\CS_sem2\Калахи\New Kalah\Kalah_rabotaet_final\ogl_begin\FileName.c(1110,44): warning C4305: 'function': truncation from 'double' to 'float'
C:\Users\katle\OneDrive\Desktop\C Programs\CS_sem2\Калахи\New Kalah\Kalah_rabotaet_final\ogl_begin\FileName.c(1111,33): warning C4305: 'function': truncation from 'double' to 'float'
C:\Users\katle\OneDrive\Desktop\C Programs\CS_sem2\Калахи\New Kalah\Kalah_rabotaet_final\ogl_begin\FileName.c(1111,39): warning C4305: 'function': truncation from 'double' to 'float'
C:\Users\katle\OneDrive\Desktop\C Programs\CS_sem2\Калахи\New Kalah\Kalah_rabotaet_final\ogl_begin\FileName.c(1111,45): warning C4305: 'function': truncation from 'double' to 'float'
C:\Users\katle\OneDrive\Desktop\C Programs\CS_sem2\Калахи\New Kalah\Kalah_rabotaet_final\ogl_begin\FileName.c(1115,35): warning C4305: 'function': truncation from 'double' to 'float'
C:\Users\katle\OneDrive\Desktop\C Programs\CS_sem2\Калахи\New Kalah\Kalah_rabotaet_final\ogl_begin\FileName.c(1115,41): warning C4305: 'function': truncation from 'double' to 'float'
C:\Users\katle\OneDrive\Desktop\C Programs\CS_sem2\Калахи\New Kalah\Kalah_rabotaet_final\ogl_begin\FileName.c(1115,47): warning C4305: 'function': truncation from 'double' to 'float'
C:\Users\katle\OneDrive\Desktop\C Programs\CS_sem2\Калахи\New Kalah\Kalah_rabotaet_final\ogl_begin\FileName.c(1116,33): warning C4305: 'function': truncation from 'double' to 'float'
C:\Users\katle\OneDrive\Desktop\C Programs\CS_sem2\Калахи\New Kalah\Kalah_rabotaet_final\ogl_begin\FileName.c(1116,39): warning C4305: 'function': truncation from 'double' to 'float'
C:\Users\katle\OneDrive\Desktop\C Programs\CS_sem2\Калахи\New Kalah\Kalah_rabotaet_final\ogl_begin\FileName.c(1116,45): warning C4305: 'function': truncation from 'double' to 'float'
C:\Users\katle\OneDrive\Desktop\C Programs\CS_sem2\Калахи\New Kalah\Kalah_rabotaet_final\ogl_begin\FileName.c(1117,33): warning C4305: 'function': truncation from 'double' to 'float'
C:\Users\katle\OneDrive\Desktop\C Programs\CS_sem2\Калахи\New Kalah\Kalah_rabotaet_final\ogl_begin\FileName.c(1117,39): warning C4305: 'function': truncation from 'double' to 'float'
C:\Users\katle\OneDrive\Desktop\C Programs\CS_sem2\Калахи\New Kalah\Kalah_rabotaet_final\ogl_begin\FileName.c(1117,45): warning C4305: 'function': truncation from 'double' to 'float'
C:\Users\katle\OneDrive\Desktop\C Programs\CS_sem2\Калахи\New Kalah\Kalah_rabotaet_final\ogl_begin\FileName.c(1118,32): warning C4305: 'function': truncation from 'double' to 'float'
C:\Users\katle\OneDrive\Desktop\C Programs\CS_sem2\Калахи\New Kalah\Kalah_rabotaet_final\ogl_begin\FileName.c(1118,38): warning C4305: 'function': truncation from 'double' to 'float'
C:\Users\katle\OneDrive\Desktop\C Programs\CS_sem2\Калахи\New Kalah\Kalah_rabotaet_final\ogl_begin\FileName.c(1118,44): warning C4305: 'function': truncation from 'double' to 'float'
C:\Users\katle\OneDrive\Desktop\C Programs\CS_sem2\Калахи\New Kalah\Kalah_rabotaet_final\ogl_begin\FileName.c(1119,31): warning C4305: 'function': truncation from 'double' to 'float'
C:\Users\katle\OneDrive\Desktop\C Programs\CS_sem2\Калахи\New Kalah\Kalah_rabotaet_final\ogl_begin\FileName.c(1119,37): warning C4305: 'function': truncation from 'double' to 'float'
C:\Users\katle\OneDrive\Desktop\C Programs\CS_sem2\Калахи\New Kalah\Kalah_rabotaet_final\ogl_begin\FileName.c(1119,43): warning C4305: 'function': truncation from 'double' to 'float'
C:\Users\katle\OneDrive\Desktop\C Programs\CS_sem2\Калахи\New Kalah\Kalah_rabotaet_final\ogl_begin\FileName.c(1120,32): warning C4305: 'function': truncation from 'double' to 'float'
C:\Users\katle\OneDrive\Desktop\C Programs\CS_sem2\Калахи\New Kalah\Kalah_rabotaet_final\ogl_begin\FileName.c(1120,38): warning C4305: 'function': truncation from 'double' to 'float'
C:\Users\katle\OneDrive\Desktop\C Programs\CS_sem2\Калахи\New Kalah\Kalah_rabotaet_final\ogl_begin\FileName.c(1120,44): warning C4305: 'function': truncation from 'double' to 'float'
C:\Users\katle\OneDrive\Desktop\C Programs\CS_sem2\Калахи\New Kalah\Kalah_rabotaet_final\ogl_begin\FileName.c(1135,16): warning C4305: 'function': truncation from 'double' to 'GLfloat'
C:\Users\katle\OneDrive\Desktop\C Programs\CS_sem2\Калахи\New Kalah\Kalah_rabotaet_final\ogl_begin\FileName.c(1135,21): warning C4305: 'function': truncation from 'double' to 'GLfloat'
C:\Users\katle\OneDrive\Desktop\C Programs\CS_sem2\Калахи\New Kalah\Kalah_rabotaet_final\ogl_begin\FileName.c(1154,29): warning C4305: 'function': truncation from 'double' to 'float'
C:\Users\katle\OneDrive\Desktop\C Programs\CS_sem2\Калахи\New Kalah\Kalah_rabotaet_final\ogl_begin\FileName.c(1156,29): warning C4305: 'function': truncation from 'double' to 'float'
C:\Users\katle\OneDrive\Desktop\C Programs\CS_sem2\Калахи\New Kalah\Kalah_rabotaet_final\ogl_begin\FileName.c(1161,29): warning C4305: 'function': truncation from 'double' to 'float'
C:\Users\katle\OneDrive\Desktop\C Programs\CS_sem2\Калахи\New Kalah\Kalah_rabotaet_final\ogl_begin\FileName.c(1163,29): warning C4305: 'function': truncation from 'double' to 'float'
C:\Users\katle\OneDrive\Desktop\C Programs\CS_sem2\Калахи\New Kalah\Kalah_rabotaet_final\ogl_begin\FileName.c(1164,28): warning C4305: 'function': truncation from 'double' to 'float'
C:\Users\katle\OneDrive\Desktop\C Programs\CS_sem2\Калахи\New Kalah\Kalah_rabotaet_final\ogl_begin\FileName.c(1165,28): warning C4305: 'function': truncation from 'double' to 'float'
C:\Users\katle\OneDrive\Desktop\C Programs\CS_sem2\Калахи\New Kalah\Kalah_rabotaet_final\ogl_begin\FileName.c(1166,28): warning C4305: 'function': truncation from 'double' to 'float'
C:\Users\katle\OneDrive\Desktop\C Programs\CS_sem2\Калахи\New Kalah\Kalah_rabotaet_final\ogl_begin\FileName.c(1167,28): warning C4305: 'function': truncation from 'double' to 'float'
C:\Users\katle\OneDrive\Desktop\C Programs\CS_sem2\Калахи\New Kalah\Kalah_rabotaet_final\ogl_begin\FileName.c(1169,28): warning C4305: 'function': truncation from 'double' to 'float'
C:\Users\katle\OneDrive\Desktop\C Programs\CS_sem2\Калахи\New Kalah\Kalah_rabotaet_final\ogl_begin\FileName.c(1170,27): warning C4305: 'function': truncation from 'double' to 'float'
C:\Users\katle\OneDrive\Desktop\C Programs\CS_sem2\Калахи\New Kalah\Kalah_rabotaet_final\ogl_begin\FileName.c(1171,27): warning C4305: 'function': truncation from 'double' to 'float'
C:\Users\katle\OneDrive\Desktop\C Programs\CS_sem2\Калахи\New Kalah\Kalah_rabotaet_final\ogl_begin\FileName.c(1172,27): warning C4305: 'function': truncation from 'double' to 'float'
C:\Users\katle\OneDrive\Desktop\C Programs\CS_sem2\Калахи\New Kalah\Kalah_rabotaet_final\ogl_begin\FileName.c(1178,29): warning C4305: 'function': truncation from 'double' to 'float'
C:\Users\katle\OneDrive\Desktop\C Programs\CS_sem2\Калахи\New Kalah\Kalah_rabotaet_final\ogl_begin\FileName.c(1180,29): warning C4305: 'function': truncation from 'double' to 'float'
C:\Users\katle\OneDrive\Desktop\C Programs\CS_sem2\Калахи\New Kalah\Kalah_rabotaet_final\ogl_begin\FileName.c(1185,29): warning C4305: 'function': truncation from 'double' to 'float'
C:\Users\katle\OneDrive\Desktop\C Programs\CS_sem2\Калахи\New Kalah\Kalah_rabotaet_final\ogl_begin\FileName.c(1186,28): warning C4305: 'function': truncation from 'double' to 'float'
C:\Users\katle\OneDrive\Desktop\C Programs\CS_sem2\Калахи\New Kalah\Kalah_rabotaet_final\ogl_begin\FileName.c(1188,28): warning C4305: 'function': truncation from 'double' to 'float'
C:\Users\katle\OneDrive\Desktop\C Programs\CS_sem2\Калахи\New Kalah\Kalah_rabotaet_final\ogl_begin\FileName.c(1189,27): warning C4305: 'function': truncation from 'double' to 'float'
C:\Users\katle\OneDrive\Desktop\C Programs\CS_sem2\Калахи\New Kalah\Kalah_rabotaet_final\ogl_begin\FileName.c(1190,27): warning C4305: 'function': truncation from 'double' to 'float'
C:\Users\katle\OneDrive\Desktop\C Programs\CS_sem2\Калахи\New Kalah\Kalah_rabotaet_final\ogl_begin\FileName.c(1191,27): warning C4305: 'function': truncation from 'double' to 'float'
  ogl_begin.vcxproj -> C:\Users\katle\OneDrive\Desktop\C Programs\CS_sem2\Калахи\New Kalah\Kalah_rabotaet_final\Debug\KURSACH.exe
